timestamp: 2011-07-22T01:26:51.671311
CREATE TABLE auth_user_name(
    id INTEGER PRIMARY KEY AUTOINCREMENT,
    first_name CHAR(128),
    last_name CHAR(128),
    email CHAR(128) UNIQUE,
    password CHAR(256),
    registration_key CHAR(128)
);
success!
timestamp: 2011-07-22T01:26:51.678160
CREATE TABLE auth_group(
    id INTEGER PRIMARY KEY AUTOINCREMENT,
    role CHAR(512),
    description TEXT
);
success!
timestamp: 2011-07-22T01:26:51.684060
CREATE TABLE auth_membership(
    id INTEGER PRIMARY KEY AUTOINCREMENT,
    user_id INTEGER REFERENCES auth_user_name(id) ON DELETE CASCADE,
    group_id INTEGER REFERENCES auth_group(id) ON DELETE CASCADE
);
success!
timestamp: 2011-07-22T01:26:51.690201
CREATE TABLE auth_permission(
    id INTEGER PRIMARY KEY AUTOINCREMENT,
    group_id INTEGER REFERENCES auth_group(id) ON DELETE CASCADE,
    name CHAR(512),
    table_name CHAR(512),
    record_id INTEGER
);
success!
timestamp: 2011-07-22T01:26:51.697818
CREATE TABLE auth_event(
    id INTEGER PRIMARY KEY AUTOINCREMENT,
    time_stamp TIMESTAMP,
    client_ip CHAR(512),
    user_id INTEGER REFERENCES auth_user_name(id) ON DELETE CASCADE,
    origin CHAR(512),
    description TEXT
);
success!
timestamp: 2011-07-22T01:26:51.706611
CREATE TABLE auth_cas(
    id INTEGER PRIMARY KEY AUTOINCREMENT,
    user_id INTEGER REFERENCES auth_user_name(id) ON DELETE CASCADE,
    created_on TIMESTAMP,
    url CHAR(512),
    uuid CHAR(512)
);
success!
timestamp: 2011-07-22T01:26:51.713331
CREATE TABLE datasets(
    id INTEGER PRIMARY KEY AUTOINCREMENT,
    username_id CHAR(512),
    file_name CHAR(256),
    ori_file_name CHAR(512),
    rep_number TEXT,
    upload_time TIMESTAMP,
    description TEXT
);
success!
timestamp: 2011-07-22T01:26:51.723244
CREATE TABLE results(
    id INTEGER PRIMARY KEY AUTOINCREMENT,
    dataset_id INTEGER REFERENCES datasets(id) ON DELETE CASCADE,
    rep_number TEXT,
    sign_level DOUBLE,
    perm_number INTEGER,
    status CHAR(512),
    upload_time TIMESTAMP,
    start_time TIMESTAMP,
    finish_time TIMESTAMP,
    binary_dict TEXT,
    pattern_dict TEXT,
    index_pattern_dict TEXT,
    monte_carlo_pvalue TEXT,
    result_dict TEXT,
    symbol_dict TEXT,
    sum_dict TEXT,
    contract_dict TEXT,
    pvalue_dict TEXT,
    fold_change_dict TEXT,
    description TEXT
);
success!
timestamp: 2011-07-22T01:26:51.731536
CREATE TABLE systems(
    id INTEGER PRIMARY KEY AUTOINCREMENT,
    locked CHAR(1),
    default_process INTEGER,
    max_process INTEGER
);
success!
timestamp: 2011-07-22T01:26:51.737645
CREATE TABLE sampledata(
    id INTEGER PRIMARY KEY AUTOINCREMENT,
    file_name CHAR(512),
    description TEXT
);
success!
timestamp: 2012-03-07T13:47:39.511288
ALTER TABLE auth_cas ADD service CHAR(512);
timestamp: 2012-03-07T13:47:39.678959
ALTER TABLE auth_cas ADD renew CHAR(1);
timestamp: 2012-03-07T13:47:39.731345
ALTER TABLE auth_cas ADD ticket CHAR(512);
